<?xml version="1.0" encoding="UTF-8"?>
<!-- Generated by org.testng.reporters.JUnitReportReporter -->
<testsuite hostname="LAPTOP-0USLP61E" failures="0" tests="1" name="organization.DeleteOrg" time="0.002" errors="0" timestamp="2025-03-13T11:03:08 IST" skipped="0">
  <testcase classname="organization.DeleteOrg" name="delOrg" time="0.002"/>
</testsuite> <!-- organization.DeleteOrg -->
