<?xml version="1.0" encoding="UTF-8"?>
<!-- Generated by org.testng.reporters.JUnitReportReporter -->
<testsuite hostname="LAPTOP-0USLP61E" failures="0" tests="1" name="organization.CreateOrg" time="0.001" errors="0" timestamp="2025-03-13T11:03:08 IST" skipped="0">
  <testcase classname="organization.CreateOrg" name="createOrg" time="0.001"/>
</testsuite> <!-- organization.CreateOrg -->
